{
  "RSpec": {
    "coverage": {
      "/Users/developer/Repositories/shopingcart/app/controllers/application_controller.rb": [
        1,
        1,
        null,
        1,
        1,
        9,
        null,
        null,
        1,
        3,
        3,
        null,
        1,
        null,
        1,
        1,
        null,
        null,
        null,
        null,
        1,
        null,
        null,
        1,
        1,
        1,
        null,
        null
      ],
      "/Users/developer/Repositories/shopingcart/app/helpers/application_helper.rb": [
        1,
        1,
        15,
        15,
        null,
        15,
        15,
        null,
        null,
        null,
        1,
        1,
        1,
        null,
        1,
        1,
        1,
        null,
        null,
        null,
        null,
        1,
        7,
        null,
        7,
        7,
        5,
        5,
        null,
        5,
        5,
        5,
        5,
        null,
        null,
        5,
        null,
        2,
        2,
        null,
        2,
        2,
        2,
        null,
        null,
        2,
        null,
        null,
        null,
        null
      ],
      "/Users/developer/Repositories/shopingcart/app/helpers/categories_helper.rb": [
        1,
        1,
        2,
        2,
        null,
        2,
        null,
        null
      ],
      "/Users/developer/Repositories/shopingcart/app/helpers/items_helper.rb": [
        1,
        1,
        3,
        null,
        null
      ],
      "/Users/developer/Repositories/shopingcart/app/helpers/products_helper.rb": [
        1,
        1,
        4,
        null,
        null,
        1,
        2,
        null,
        null
      ],
      "/Users/developer/Repositories/shopingcart/app/models/category.rb": [
        1,
        1,
        1,
        null,
        1,
        null,
        1,
        null,
        1,
        null
      ],
      "/Users/developer/Repositories/shopingcart/app/uploaders/image_uploader.rb": [
        null,
        null,
        1,
        null,
        null,
        1,
        null,
        null,
        null,
        1,
        1,
        null,
        null,
        1,
        null,
        null,
        null,
        null,
        1,
        0,
        null,
        null,
        null,
        1,
        null,
        null,
        null,
        0,
        null,
        null,
        null,
        null,
        null,
        null,
        null,
        null,
        null,
        null,
        1,
        1,
        null,
        null,
        null,
        null,
        1,
        0,
        null,
        null,
        null,
        null,
        null,
        null,
        null,
        null,
        null
      ],
      "/Users/developer/Repositories/shopingcart/app/models/city.rb": [
        1,
        1,
        null,
        1,
        null
      ],
      "/Users/developer/Repositories/shopingcart/app/models/country.rb": [
        1,
        1,
        1,
        null,
        1,
        null
      ],
      "/Users/developer/Repositories/shopingcart/app/models/shipping_rate.rb": [
        1,
        1,
        null,
        1,
        null
      ],
      "/Users/developer/Repositories/shopingcart/app/models/order.rb": [
        1,
        1,
        1,
        1,
        null,
        1,
        1,
        null,
        1,
        null,
        1,
        1,
        1,
        null,
        null,
        1,
        1,
        null,
        null,
        1,
        1,
        null,
        null,
        1,
        1,
        null,
        null,
        null,
        1,
        5,
        5,
        5,
        null,
        null,
        1,
        1,
        null,
        null
      ],
      "/Users/developer/Repositories/shopingcart/app/models/product.rb": [
        1,
        1,
        1,
        1,
        null,
        1,
        null,
        1,
        null,
        1,
        2,
        1,
        4,
        null
      ],
      "/Users/developer/Repositories/shopingcart/app/models/user.rb": [
        1,
        null,
        null,
        null,
        1,
        null,
        null,
        null,
        1,
        null,
        null,
        1,
        1,
        null,
        1,
        null,
        1,
        1,
        1,
        1,
        null,
        null,
        1,
        6,
        null,
        null,
        1,
        10,
        null,
        null,
        1,
        9,
        2,
        7,
        7,
        null,
        null,
        null
      ],
      "/Users/developer/Repositories/shopingcart/app/controllers/addresses_controller.rb": [
        1,
        1,
        null,
        1,
        2,
        null,
        null,
        1,
        3,
        3,
        null,
        null,
        1,
        3,
        null,
        null,
        1,
        3,
        3,
        null,
        null,
        1,
        2,
        2,
        null,
        null
      ],
      "/Users/developer/Repositories/shopingcart/app/models/address.rb": [
        1,
        1,
        1,
        1,
        null,
        11,
        null,
        1,
        1,
        1,
        null,
        61,
        62,
        null,
        1,
        58,
        57,
        null,
        1,
        null,
        null,
        null
      ],
      "/Users/developer/Repositories/shopingcart/app/controllers/home_controller.rb": [
        1,
        1,
        3,
        null,
        null
      ],
      "/Users/developer/Repositories/shopingcart/app/controllers/items_controller.rb": [
        1,
        1,
        null,
        1,
        3,
        3,
        3,
        2,
        null,
        1,
        null,
        null,
        null,
        1,
        3,
        3,
        null,
        null
      ],
      "/Users/developer/Repositories/shopingcart/app/models/item.rb": [
        1,
        1,
        1,
        null,
        1,
        1,
        null,
        1,
        1,
        null,
        null,
        1,
        null,
        1,
        null,
        1,
        null,
        1,
        2,
        null,
        null,
        1,
        6,
        null,
        null,
        1,
        2,
        null,
        null
      ],
      "/Users/developer/Repositories/shopingcart/app/controllers/orders_controller.rb": [
        1,
        1,
        3,
        null,
        null,
        1,
        9,
        9,
        null,
        null,
        1,
        3,
        3,
        3,
        3,
        null,
        null
      ],
      "/Users/developer/Repositories/shopingcart/app/controllers/products_controller.rb": [
        1,
        1,
        null,
        1,
        4,
        4,
        null,
        null,
        1,
        3,
        null,
        3,
        3,
        3,
        null,
        null,
        1,
        1,
        4,
        4,
        null,
        null
      ],
      "/Users/developer/Repositories/shopingcart/app/controllers/users_controller.rb": [
        1,
        null
      ]
    },
    "timestamp": 1355375613
  }
}
