{
  "RSpec": {
    "coverage": {
      "/Users/developer/Repositories/shopingcart/app/controllers/application_controller.rb": [
        1,
        1,
        1,
        null,
        1,
        1,
        4,
        null,
        null,
        1,
        2,
        2,
        null,
        null
      ],
      "/Users/developer/Repositories/shopingcart/app/helpers/application_helper.rb": [
        1,
        1,
        1,
        1,
        null,
        1,
        1,
        null,
        null,
        null,
        1,
        0,
        0,
        null,
        0,
        0,
        0,
        null,
        null,
        null,
        null,
        1,
        0,
        null,
        0,
        0,
        0,
        0,
        null,
        0,
        0,
        0,
        0,
        null,
        null,
        0,
        null,
        0,
        0,
        null,
        0,
        0,
        0,
        null,
        null,
        0,
        null,
        null,
        null,
        null
      ],
      "/Users/developer/Repositories/shopingcart/app/helpers/categories_helper.rb": [
        1,
        1,
        0,
        0,
        null,
        0,
        null,
        null
      ],
      "/Users/developer/Repositories/shopingcart/app/helpers/items_helper.rb": [
        1,
        1,
        3,
        null,
        null
      ],
      "/Users/developer/Repositories/shopingcart/app/models/admin_user.rb": [
        1,
        null,
        null,
        null,
        1,
        null,
        null,
        null,
        1,
        null,
        null,
        null,
        1,
        null,
        null,
        null,
        1,
        null,
        null
      ],
      "/Users/developer/Repositories/shopingcart/app/admin/admin_user.rb": [
        1,
        1,
        0,
        0,
        0,
        0,
        0,
        null,
        null,
        1,
        null,
        1,
        0,
        0,
        0,
        0,
        null,
        0,
        null,
        null
      ],
      "/Users/developer/Repositories/shopingcart/app/admin/category.rb": [
        1,
        1,
        0,
        null,
        null,
        1,
        0,
        0,
        0,
        null,
        null,
        1,
        0,
        0,
        0,
        0,
        0,
        null,
        null,
        null,
        0,
        0,
        0,
        0,
        null,
        0,
        0,
        null,
        0,
        0,
        null,
        0,
        0,
        null,
        null,
        null,
        null,
        1,
        null
      ],
      "/Users/developer/Repositories/shopingcart/app/models/category.rb": [
        1,
        1,
        null,
        1,
        1,
        null,
        1,
        null,
        1,
        null,
        null
      ],
      "/Users/developer/Repositories/shopingcart/app/uploaders/image_uploader.rb": [
        null,
        null,
        1,
        null,
        null,
        1,
        null,
        null,
        null,
        1,
        1,
        null,
        null,
        1,
        null,
        null,
        null,
        null,
        1,
        0,
        null,
        null,
        null,
        1,
        null,
        null,
        null,
        0,
        null,
        null,
        null,
        null,
        null,
        null,
        null,
        null,
        null,
        null,
        1,
        1,
        null,
        null,
        null,
        null,
        1,
        0,
        null,
        null,
        null,
        null,
        null,
        null,
        null,
        null,
        null
      ],
      "/Users/developer/Repositories/shopingcart/app/admin/city.rb": [
        1,
        1,
        null
      ],
      "/Users/developer/Repositories/shopingcart/app/models/city.rb": [
        1,
        1,
        null,
        1,
        null
      ],
      "/Users/developer/Repositories/shopingcart/app/models/country.rb": [
        1,
        1,
        1,
        null,
        1,
        null
      ],
      "/Users/developer/Repositories/shopingcart/app/admin/country.rb": [
        1,
        1,
        null,
        1,
        0,
        null,
        null,
        1,
        0,
        0,
        null,
        null,
        1,
        0,
        0,
        null,
        null,
        0,
        0,
        0,
        0,
        0,
        0,
        null,
        null,
        null,
        null,
        null
      ],
      "/Users/developer/Repositories/shopingcart/app/models/shipping_rate.rb": [
        1,
        1,
        null,
        1,
        null
      ],
      "/Users/developer/Repositories/shopingcart/app/admin/dashboard.rb": [
        1,
        null,
        1,
        null,
        1,
        0,
        0,
        0,
        0,
        null,
        null,
        null,
        null,
        null,
        null,
        null,
        null,
        null,
        null,
        null,
        null,
        null,
        null,
        null,
        null,
        null,
        null,
        null,
        null,
        null,
        null,
        null,
        null
      ],
      "/Users/developer/Repositories/shopingcart/app/admin/order.rb": [
        1,
        1,
        0,
        0,
        0,
        null,
        null
      ],
      "/Users/developer/Repositories/shopingcart/app/models/order.rb": [
        1,
        1,
        1,
        1,
        null,
        1,
        1,
        null,
        1,
        null,
        1,
        1,
        1,
        null,
        null,
        1,
        1,
        null,
        null,
        1,
        1,
        null,
        null,
        1,
        1,
        null,
        null,
        null,
        1,
        1,
        1,
        1,
        null,
        null,
        1,
        0,
        null,
        null
      ],
      "/Users/developer/Repositories/shopingcart/app/admin/product.rb": [
        1,
        1,
        null,
        1,
        0,
        0,
        0,
        0,
        0,
        0,
        0,
        null,
        null,
        null,
        null
      ],
      "/Users/developer/Repositories/shopingcart/app/models/product.rb": [
        1,
        1,
        1,
        1,
        null,
        1,
        null,
        1,
        null,
        1,
        null,
        null
      ],
      "/Users/developer/Repositories/shopingcart/app/admin/shipping_rate.rb": [
        1,
        1,
        0,
        null,
        null,
        1,
        0,
        0,
        0,
        null,
        null,
        1,
        0,
        0,
        0,
        null,
        null,
        0,
        0,
        0,
        0,
        null,
        null,
        null,
        null,
        null,
        1,
        null
      ],
      "/Users/developer/Repositories/shopingcart/app/models/user.rb": [
        1,
        null,
        null,
        null,
        1,
        null,
        null,
        null,
        1,
        null,
        null,
        1,
        1,
        null,
        1,
        null,
        1,
        0,
        0,
        0,
        null,
        null,
        1,
        1,
        null,
        null,
        1,
        0,
        null,
        null
      ],
      "/Users/developer/Repositories/shopingcart/app/controllers/addresses_controller.rb": [
        1,
        1,
        null,
        1,
        1,
        null,
        null,
        1,
        1,
        null,
        1,
        0,
        null,
        null,
        null,
        1,
        0,
        null,
        null,
        1,
        2,
        null,
        2,
        0,
        null,
        null,
        null,
        1,
        1,
        1,
        null,
        null
      ],
      "/Users/developer/Repositories/shopingcart/app/models/address.rb": [
        1,
        1,
        1,
        1,
        null,
        1,
        null,
        1,
        1,
        1,
        null,
        21,
        21,
        null,
        1,
        18,
        18,
        null,
        0,
        null,
        null,
        null
      ],
      "/Users/developer/Repositories/shopingcart/app/controllers/categories_controller.rb": [
        1,
        1,
        3,
        null,
        null
      ],
      "/Users/developer/Repositories/shopingcart/app/controllers/home_controller.rb": [
        1,
        1,
        3,
        null,
        null
      ],
      "/Users/developer/Repositories/shopingcart/app/controllers/items_controller.rb": [
        1,
        1,
        1,
        1,
        null,
        0,
        0,
        null,
        null,
        null,
        null,
        1,
        2,
        2,
        null,
        null,
        1,
        1,
        1,
        null,
        null
      ],
      "/Users/developer/Repositories/shopingcart/app/models/item.rb": [
        1,
        1,
        1,
        null,
        1,
        null,
        1,
        5,
        null,
        null,
        1,
        1,
        null,
        null,
        1,
        0,
        null,
        null,
        1,
        1,
        0,
        null,
        null
      ],
      "/Users/developer/Repositories/shopingcart/app/controllers/orders_controller.rb": [
        1,
        1,
        0,
        null,
        null,
        1,
        3,
        3,
        null,
        0,
        null,
        0,
        null,
        3,
        null,
        null,
        null,
        1,
        3,
        3,
        3,
        3,
        null,
        0,
        null,
        null,
        null
      ],
      "/Users/developer/Repositories/shopingcart/app/controllers/products_controller.rb": [
        1,
        1,
        3,
        null,
        0,
        null,
        3,
        null,
        null,
        null,
        1,
        3,
        null,
        3,
        3,
        null,
        null
      ],
      "/Users/developer/Repositories/shopingcart/app/controllers/users_controller.rb": [
        1,
        null
      ]
    },
    "timestamp": 1355202719
  }
}
